<?xml version="1.0" encoding="UTF-8"?>
<testsuite xmlns:xsi="http://www.w3.org/2001/XMLSchema-instance" xsi:noNamespaceSchemaLocation="https://maven.apache.org/surefire/maven-surefire-plugin/xsd/surefire-test-report-3.0.xsd" version="3.0" name="com.subhajit.Medicare.MedicareApplicationTests" time="11.75" tests="1" errors="0" skipped="0" failures="0">
  <properties>
[...]
</properties>
  <testcase name="contextLoads" classname="com.subhajit.Medicare.MedicareApplicationTests" time="1.93">
    <system-out><![CDATA[01:05:49.019 [main] INFO org.springframework.test.context.support.AnnotationConfigContextLoaderUtils -- Could not detect default configuration classes for test class [com.subhajit.Medicare.MedicareApplicationTests]: MedicareApplicationTests does not declare any static, non-private, non-final, nested classes annotated with @Configuration.
01:05:49.254 [main] INFO org.springframework.boot.test.context.SpringBootTestContextBootstrapper -- Found @SpringBootConfiguration com.subhajit.Medicare.MedicareApplication for test class com.subhajit.Medicare.MedicareApplicationTests

  .   ____          _            __ _ _
 /\\ / ___'_ __ _ _(_)_ __  __ _ \ \ \ \
( ( )\___ | '_ | '_| | '_ \/ _` | \ \ \ \
 \\/  ___)| |_)| | | | | || (_| |  ) ) ) )
  '  |____| .__|_| |_|_| |_\__, | / / / /
 =========|_|==============|___/=/_/_/_/
 :: Spring Boot ::                (v3.1.4)

2024-02-05T01:05:50.200+05:30  WARN 11844 --- [           main] ory$DuplicateJsonObjectContextCustomizer : 

Found multiple occurrences of org.json.JSONObject on the class path:

	jar:file:/C:/Users/subhajit/.m2/repository/com/vaadin/external/google/android-json/0.0.20131108.vaadin1/android-json-0.0.20131108.vaadin1.jar!/org/json/JSONObject.class
	jar:file:/C:/Users/subhajit/.m2/repository/org/json/json/20180130/json-20180130.jar!/org/json/JSONObject.class

You may wish to exclude one of them to ensure predictable runtime behavior

2024-02-05T01:05:50.234+05:30  INFO 11844 --- [           main] c.s.Medicare.MedicareApplicationTests    : Starting MedicareApplicationTests using Java 17.0.8 with PID 11844 (started by subhajit in C:\Users\subhajit\Desktop\Medicare\Backend)
2024-02-05T01:05:50.237+05:30  INFO 11844 --- [           main] c.s.Medicare.MedicareApplicationTests    : No active profile set, falling back to 1 default profile: "default"
2024-02-05T01:05:52.327+05:30  INFO 11844 --- [           main] .s.d.r.c.RepositoryConfigurationDelegate : Bootstrapping Spring Data MongoDB repositories in DEFAULT mode.
2024-02-05T01:05:52.515+05:30  INFO 11844 --- [           main] .s.d.r.c.RepositoryConfigurationDelegate : Finished Spring Data repository scanning in 176 ms. Found 6 MongoDB repository interfaces.
2024-02-05T01:05:54.128+05:30  INFO 11844 --- [5vd.mongodb.net] org.mongodb.driver.cluster               : Adding discovered server ac-5hh2zkz-shard-00-02.qzyf5vd.mongodb.net:27017 to client view of cluster
2024-02-05T01:05:54.176+05:30  INFO 11844 --- [           main] org.mongodb.driver.client                : MongoClient with metadata {"driver": {"name": "mongo-java-driver|sync|spring-boot", "version": "4.9.1"}, "os": {"type": "Windows", "name": "Windows 10", "architecture": "amd64", "version": "10.0"}, "platform": "Java/Oracle Corporation/17.0.8+9-LTS-211"} created with settings MongoClientSettings{readPreference=primary, writeConcern=WriteConcern{w=majority, wTimeout=null ms, journal=null}, retryWrites=true, retryReads=true, readConcern=ReadConcern{level=null}, credential=MongoCredential{mechanism=null, userName='subhajitpatra498', source='admin', password=<hidden>, mechanismProperties=<hidden>}, streamFactoryFactory=null, commandListeners=[], codecRegistry=ProvidersCodecRegistry{codecProviders=[ValueCodecProvider{}, BsonValueCodecProvider{}, DBRefCodecProvider{}, DBObjectCodecProvider{}, DocumentCodecProvider{}, CollectionCodecProvider{}, IterableCodecProvider{}, MapCodecProvider{}, GeoJsonCodecProvider{}, GridFSFileCodecProvider{}, Jsr310CodecProvider{}, JsonObjectCodecProvider{}, BsonCodecProvider{}, EnumCodecProvider{}, com.mongodb.client.model.mql.ExpressionCodecProvider@2b44d6d0, com.mongodb.Jep395RecordCodecProvider@3e900e1a]}, loggerSettings=LoggerSettings{maxDocumentLength=1000}, clusterSettings={hosts=[127.0.0.1:27017], srvHost=medicare.qzyf5vd.mongodb.net, srvServiceName=mongodb, mode=MULTIPLE, requiredClusterType=REPLICA_SET, requiredReplicaSetName='atlas-1esptm-shard-0', serverSelector='null', clusterListeners='[]', serverSelectionTimeout='30000 ms', localThreshold='30000 ms'}, socketSettings=SocketSettings{connectTimeoutMS=10000, readTimeoutMS=0, receiveBufferSize=0, sendBufferSize=0}, heartbeatSocketSettings=SocketSettings{connectTimeoutMS=10000, readTimeoutMS=10000, receiveBufferSize=0, sendBufferSize=0}, connectionPoolSettings=ConnectionPoolSettings{maxSize=100, minSize=0, maxWaitTimeMS=120000, maxConnectionLifeTimeMS=0, maxConnectionIdleTimeMS=0, maintenanceInitialDelayMS=0, maintenanceFrequencyMS=60000, connectionPoolListeners=[], maxConnecting=2}, serverSettings=ServerSettings{heartbeatFrequencyMS=10000, minHeartbeatFrequencyMS=500, serverListeners='[]', serverMonitorListeners='[]'}, sslSettings=SslSettings{enabled=true, invalidHostNameAllowed=false, context=null}, applicationName='null', compressorList=[], uuidRepresentation=JAVA_LEGACY, serverApi=null, autoEncryptionSettings=null, contextProvider=null}
2024-02-05T01:05:54.188+05:30  INFO 11844 --- [5vd.mongodb.net] org.mongodb.driver.cluster               : Adding discovered server ac-5hh2zkz-shard-00-01.qzyf5vd.mongodb.net:27017 to client view of cluster
2024-02-05T01:05:54.199+05:30  INFO 11844 --- [5vd.mongodb.net] org.mongodb.driver.cluster               : Adding discovered server ac-5hh2zkz-shard-00-00.qzyf5vd.mongodb.net:27017 to client view of cluster
2024-02-05T01:05:55.333+05:30  INFO 11844 --- [ngodb.net:27017] org.mongodb.driver.cluster               : Monitor thread successfully connected to server with description ServerDescription{address=ac-5hh2zkz-shard-00-02.qzyf5vd.mongodb.net:27017, type=REPLICA_SET_SECONDARY, state=CONNECTED, ok=true, minWireVersion=0, maxWireVersion=17, maxDocumentSize=16777216, logicalSessionTimeoutMinutes=30, roundTripTimeNanos=513607800, setName='atlas-1esptm-shard-0', canonicalAddress=ac-5hh2zkz-shard-00-02.qzyf5vd.mongodb.net:27017, hosts=[ac-5hh2zkz-shard-00-01.qzyf5vd.mongodb.net:27017, ac-5hh2zkz-shard-00-02.qzyf5vd.mongodb.net:27017, ac-5hh2zkz-shard-00-00.qzyf5vd.mongodb.net:27017], passives=[], arbiters=[], primary='ac-5hh2zkz-shard-00-01.qzyf5vd.mongodb.net:27017', tagSet=TagSet{[Tag{name='availabilityZone', value='aps1-az2'}, Tag{name='diskState', value='READY'}, Tag{name='nodeType', value='ELECTABLE'}, Tag{name='provider', value='AWS'}, Tag{name='region', value='AP_SOUTH_1'}, Tag{name='workloadType', value='OPERATIONAL'}]}, electionId=null, setVersion=11, topologyVersion=TopologyVersion{processId=65bfb921f3c834eb678b0b67, counter=5}, lastWriteDate=Mon Feb 05 01:05:56 IST 2024, lastUpdateTimeNanos=53107079369600}
2024-02-05T01:05:55.336+05:30  INFO 11844 --- [ngodb.net:27017] org.mongodb.driver.cluster               : Monitor thread successfully connected to server with description ServerDescription{address=ac-5hh2zkz-shard-00-00.qzyf5vd.mongodb.net:27017, type=REPLICA_SET_SECONDARY, state=CONNECTED, ok=true, minWireVersion=0, maxWireVersion=17, maxDocumentSize=16777216, logicalSessionTimeoutMinutes=30, roundTripTimeNanos=515822000, setName='atlas-1esptm-shard-0', canonicalAddress=ac-5hh2zkz-shard-00-00.qzyf5vd.mongodb.net:27017, hosts=[ac-5hh2zkz-shard-00-01.qzyf5vd.mongodb.net:27017, ac-5hh2zkz-shard-00-02.qzyf5vd.mongodb.net:27017, ac-5hh2zkz-shard-00-00.qzyf5vd.mongodb.net:27017], passives=[], arbiters=[], primary='ac-5hh2zkz-shard-00-01.qzyf5vd.mongodb.net:27017', tagSet=TagSet{[Tag{name='availabilityZone', value='aps1-az1'}, Tag{name='diskState', value='READY'}, Tag{name='nodeType', value='ELECTABLE'}, Tag{name='provider', value='AWS'}, Tag{name='region', value='AP_SOUTH_1'}, Tag{name='workloadType', value='OPERATIONAL'}]}, electionId=null, setVersion=11, topologyVersion=TopologyVersion{processId=65bfb7ce2c3adec269bfc375, counter=5}, lastWriteDate=Mon Feb 05 01:05:56 IST 2024, lastUpdateTimeNanos=53107081614200}
2024-02-05T01:05:55.341+05:30  INFO 11844 --- [ngodb.net:27017] org.mongodb.driver.cluster               : Monitor thread successfully connected to server with description ServerDescription{address=ac-5hh2zkz-shard-00-01.qzyf5vd.mongodb.net:27017, type=REPLICA_SET_PRIMARY, state=CONNECTED, ok=true, minWireVersion=0, maxWireVersion=17, maxDocumentSize=16777216, logicalSessionTimeoutMinutes=30, roundTripTimeNanos=503500700, setName='atlas-1esptm-shard-0', canonicalAddress=ac-5hh2zkz-shard-00-01.qzyf5vd.mongodb.net:27017, hosts=[ac-5hh2zkz-shard-00-01.qzyf5vd.mongodb.net:27017, ac-5hh2zkz-shard-00-02.qzyf5vd.mongodb.net:27017, ac-5hh2zkz-shard-00-00.qzyf5vd.mongodb.net:27017], passives=[], arbiters=[], primary='ac-5hh2zkz-shard-00-01.qzyf5vd.mongodb.net:27017', tagSet=TagSet{[Tag{name='availabilityZone', value='aps1-az3'}, Tag{name='diskState', value='READY'}, Tag{name='nodeType', value='ELECTABLE'}, Tag{name='provider', value='AWS'}, Tag{name='region', value='AP_SOUTH_1'}, Tag{name='workloadType', value='OPERATIONAL'}]}, electionId=7fffffff0000000000000203, setVersion=11, topologyVersion=TopologyVersion{processId=65bfb6e491b5484e6356406f, counter=9}, lastWriteDate=Mon Feb 05 01:05:56 IST 2024, lastUpdateTimeNanos=53107079560700}
2024-02-05T01:05:55.346+05:30  INFO 11844 --- [ngodb.net:27017] org.mongodb.driver.cluster               : Discovered replica set primary ac-5hh2zkz-shard-00-01.qzyf5vd.mongodb.net:27017 with max election id 7fffffff0000000000000203 and max set version 11
2024-02-05T01:05:57.082+05:30  INFO 11844 --- [           main] o.s.b.a.w.s.WelcomePageHandlerMapping    : Adding welcome page template: index
2024-02-05T01:05:57.556+05:30  INFO 11844 --- [           main] o.s.s.web.DefaultSecurityFilterChain     : Will secure any request with [org.springframework.security.web.session.DisableEncodeUrlFilter@2ee456c7, org.springframework.security.web.context.request.async.WebAsyncManagerIntegrationFilter@6df37f7a, org.springframework.security.web.context.SecurityContextHolderFilter@365bfc5f, org.springframework.security.web.header.HeaderWriterFilter@580c17a0, org.springframework.web.filter.CorsFilter@39514976, org.springframework.security.web.authentication.logout.LogoutFilter@2f471037, com.subhajit.Medicare.Security.AuthTokenFilter@7bdb4f17, org.springframework.security.web.savedrequest.RequestCacheAwareFilter@37a3ec27, org.springframework.security.web.servletapi.SecurityContextHolderAwareRequestFilter@416b1265, org.springframework.security.web.authentication.AnonymousAuthenticationFilter@77856cc5, org.springframework.security.web.session.SessionManagementFilter@405d8a80, org.springframework.security.web.access.ExceptionTranslationFilter@3355168, org.springframework.security.web.access.intercept.AuthorizationFilter@312a738d]
2024-02-05T01:05:58.449+05:30  INFO 11844 --- [           main] c.s.Medicare.MedicareApplicationTests    : Started MedicareApplicationTests in 8.809 seconds (process running for 11.034)
]]></system-out>
  </testcase>
</testsuite>